<?xml version="1.0" encoding="UTF-8"?>
<!-- Generated by org.testng.reporters.JUnitReportReporter -->
<testsuite hostname="LAPTOP-QNMGACMU" failures="0" tests="3" name="com.tutorialsninja.qa.testcases.Search" time="11.896" errors="0" timestamp="2025-02-21T22:33:39 IST" skipped="0">
  <testcase classname="com.tutorialsninja.qa.testcases.Search" name="verifySearchWithValidProduct" time="3.562"/>
  <testcase classname="com.tutorialsninja.qa.testcases.Search" name="verifySearchWithInvalidProduct" time="3.473"/>
  <testcase classname="com.tutorialsninja.qa.testcases.Search" name="verifySearchWithoutAnyProduct" time="4.861"/>
</testsuite> <!-- com.tutorialsninja.qa.testcases.Search -->
