<?xml version="1.0" encoding="UTF-8"?>
<!-- Generated by org.testng.reporters.JUnitReportReporter -->
<testsuite hostname="LAPTOP-QNMGACMU" failures="0" tests="4" name="com.tutorialsninja.qa.testcases.Register" time="26.102" errors="0" timestamp="2025-02-21T22:33:39 IST" skipped="0">
  <testcase classname="com.tutorialsninja.qa.testcases.Register" name="verifyRegisteringAnAccountWithMandatoryFields" time="4.605"/>
  <testcase classname="com.tutorialsninja.qa.testcases.Register" name="verifyRegisteringAnAccountByProvidingAllFields" time="5.785"/>
  <testcase classname="com.tutorialsninja.qa.testcases.Register" name="verifyRegisteringAnAccountWithExistingEmailAddress" time="5.491"/>
  <testcase classname="com.tutorialsninja.qa.testcases.Register" name="verifyRegisteringAnAccountWithoutFillingAnyDetails" time="10.221"/>
</testsuite> <!-- com.tutorialsninja.qa.testcases.Register -->
